<?xml version="1.0" encoding="UTF-8"?>
<robot generator="Robot 7.4.2 (Python 3.13.1 on win32)" generated="2026-06-25T14:32:52.840224" rpa="false" schemaversion="5">
<suite id="s1" name="Cart" source="C:\Users\lenovo\projectro\test\cart.robot">
<kw name="Ouvrir Le Navigateur" owner="keywords" type="SETUP">
<kw name="Evaluate" owner="BuiltIn">
<msg time="2026-06-25T14:32:53.463586" level="INFO">${options} = &lt;selenium.webdriver.chrome.options.Options object at 0x000001E3C22E8D70&gt;</msg>
<var>${options}</var>
<arg>sys.modules['selenium.webdriver'].ChromeOptions()</arg>
<arg>sys</arg>
<doc>Evaluates the given expression in Python and returns the result.</doc>
<status status="PASS" start="2026-06-25T14:32:53.456681" elapsed="0.007006"/>
</kw>
<kw name="Call Method" owner="BuiltIn">
<arg>${options}</arg>
<arg>add_argument</arg>
<arg>--incognito</arg>
<doc>Calls the named method of the given object with the provided arguments.</doc>
<status status="PASS" start="2026-06-25T14:32:53.464056" elapsed="0.000601"/>
</kw>
<kw name="Open Browser" owner="SeleniumLibrary">
<msg time="2026-06-25T14:32:53.465424" level="INFO">Opening browser 'chrome' to base url 'https://www.saucedemo.com'.</msg>
<arg>${URL}</arg>
<arg>${BROWSER}</arg>
<arg>options=${options}</arg>
<doc>Opens a new browser instance to the optional ``url``.</doc>
<status status="PASS" start="2026-06-25T14:32:53.464912" elapsed="13.180387"/>
</kw>
<kw name="Maximize Browser Window" owner="SeleniumLibrary">
<doc>Maximizes current browser window.</doc>
<status status="PASS" start="2026-06-25T14:33:06.645605" elapsed="0.086002"/>
</kw>
<kw name="Set Selenium Implicit Wait" owner="SeleniumLibrary">
<arg>${TIMEOUT}</arg>
<doc>Sets the implicit wait value used by Selenium.</doc>
<status status="PASS" start="2026-06-25T14:33:06.731842" elapsed="0.016895"/>
</kw>
<status status="PASS" start="2026-06-25T14:32:53.455331" elapsed="13.293565"/>
</kw>
<test id="s1-t1" name="TC01 - Ajouter Un Produit Au Panier" line="13">
<kw name="Reinitialiser Session" owner="keywords" type="SETUP">
<kw name="Go To" owner="SeleniumLibrary">
<msg time="2026-06-25T14:33:06.761001" level="INFO">Opening url 'https://www.saucedemo.com'</msg>
<arg>${URL}</arg>
<doc>Navigates the current browser window to the provided ``url``.</doc>
<status status="PASS" start="2026-06-25T14:33:06.760718" elapsed="0.213193"/>
</kw>
<kw name="Run Keyword And Return Status" owner="BuiltIn">
<kw name="Element Should Be Visible" owner="SeleniumLibrary">
<msg time="2026-06-25T14:33:07.076195" level="INFO">Element 'id=user-name' is displayed.</msg>
<arg>${USERNAME_FIELD}</arg>
<doc>Verifies that the element identified by ``locator`` is visible.</doc>
<status status="PASS" start="2026-06-25T14:33:06.974773" elapsed="0.101543"/>
</kw>
<msg time="2026-06-25T14:33:07.076549" level="INFO">${login_visible} = True</msg>
<var>${login_visible}</var>
<arg>Element Should Be Visible</arg>
<arg>${USERNAME_FIELD}</arg>
<doc>Runs the specified keyword and returns the status as a Boolean value.</doc>
<status status="PASS" start="2026-06-25T14:33:06.974221" elapsed="0.102372"/>
</kw>
<if>
<branch type="IF" condition="${login_visible}">
<kw name="Wait Until Element Is Visible" owner="SeleniumLibrary">
<arg>${USERNAME_FIELD}</arg>
<arg>${TIMEOUT}</arg>
<doc>Waits until the element ``locator`` is visible.</doc>
<status status="PASS" start="2026-06-25T14:33:07.077027" elapsed="0.075651"/>
</kw>
<status status="PASS" start="2026-06-25T14:33:07.076760" elapsed="0.076035"/>
</branch>
<branch type="ELSE">
<kw name="Vider Le Panier">
<status status="NOT RUN" start="2026-06-25T14:33:07.153161" elapsed="0.000045"/>
</kw>
<kw name="Go To" owner="SeleniumLibrary">
<arg>${INVENTORY_URL}</arg>
<doc>Navigates the current browser window to the provided ``url``.</doc>
<status status="NOT RUN" start="2026-06-25T14:33:07.153495" elapsed="0.000039"/>
</kw>
<kw name="Wait Until Element Is Visible" owner="SeleniumLibrary">
<arg>${ADD_BACKPACK_BTN}</arg>
<arg>${TIMEOUT}</arg>
<doc>Waits until the element ``locator`` is visible.</doc>
<status status="NOT RUN" start="2026-06-25T14:33:07.153657" elapsed="0.000035"/>
</kw>
<status status="NOT RUN" start="2026-06-25T14:33:07.152883" elapsed="0.000865"/>
</branch>
<status status="PASS" start="2026-06-25T14:33:07.076713" elapsed="0.077090"/>
</if>
<status status="PASS" start="2026-06-25T14:33:06.760310" elapsed="0.393613"/>
</kw>
<kw name="Se Connecter" owner="keywords">
<kw name="Wait Until Element Is Visible" owner="SeleniumLibrary">
<arg>${USERNAME_FIELD}</arg>
<arg>${TIMEOUT}</arg>
<doc>Waits until the element ``locator`` is visible.</doc>
<status status="PASS" start="2026-06-25T14:33:07.160864" elapsed="0.041358"/>
</kw>
<kw name="Input Text" owner="SeleniumLibrary">
<msg time="2026-06-25T14:33:07.202979" level="INFO">Typing text 'standard_user' into text field 'id=user-name'.</msg>
<arg>${USERNAME_FIELD}</arg>
<arg>${user}</arg>
<doc>Types the given ``text`` into the text field identified by ``locator``.</doc>
<status status="PASS" start="2026-06-25T14:33:07.202585" elapsed="0.421828"/>
</kw>
<kw name="Input Text" owner="SeleniumLibrary">
<msg time="2026-06-25T14:33:07.625019" level="INFO">Typing text 'secret_sauce' into text field 'id=password'.</msg>
<arg>${PASSWORD_FIELD}</arg>
<arg>${password}</arg>
<doc>Types the given ``text`` into the text field identified by ``locator``.</doc>
<status status="PASS" start="2026-06-25T14:33:07.624676" elapsed="0.609068"/>
</kw>
<kw name="Click Element" owner="SeleniumLibrary">
<msg time="2026-06-25T14:33:08.234325" level="INFO">Clicking element 'id=login-button'.</msg>
<arg>${LOGIN_BTN}</arg>
<doc>Click the element identified by ``locator``.</doc>
<status status="PASS" start="2026-06-25T14:33:08.233990" elapsed="0.491803"/>
</kw>
<arg>${VALID_USER}</arg>
<arg>${VALID_PASS}</arg>
<status status="PASS" start="2026-06-25T14:33:07.160314" elapsed="1.565634"/>
</kw>
<kw name="La Page Produits Doit Etre Visible" owner="keywords">
<kw name="Wait Until Element Is Visible" owner="SeleniumLibrary">
<arg>${PRODUCTS_TITLE}</arg>
<arg>${TIMEOUT}</arg>
<doc>Waits until the element ``locator`` is visible.</doc>
<status status="PASS" start="2026-06-25T14:33:08.731706" elapsed="0.066103"/>
</kw>
<kw name="Element Text Should Be" owner="SeleniumLibrary">
<msg time="2026-06-25T14:33:08.798445" level="INFO">Verifying element 'css:.title' contains exact text 'Products'.</msg>
<arg>${PRODUCTS_TITLE}</arg>
<arg>Products</arg>
<doc>Verifies that element ``locator`` contains exact the text ``expected``.</doc>
<status status="PASS" start="2026-06-25T14:33:08.798100" elapsed="0.082434"/>
</kw>
<status status="PASS" start="2026-06-25T14:33:08.731281" elapsed="0.149402"/>
</kw>
<kw name="Ajouter Au Panier" owner="keywords">
<kw name="Click Element" owner="SeleniumLibrary">
<msg time="2026-06-25T14:33:08.881803" level="INFO">Clicking element 'id=add-to-cart-sauce-labs-backpack'.</msg>
<arg>${add_btn_id}</arg>
<doc>Click the element identified by ``locator``.</doc>
<status status="PASS" start="2026-06-25T14:33:08.881538" elapsed="0.150024"/>
</kw>
<arg>${ADD_BACKPACK_BTN}</arg>
<status status="PASS" start="2026-06-25T14:33:08.881091" elapsed="0.150620"/>
</kw>
<kw name="Aller Au Panier" owner="keywords">
<kw name="Click Element" owner="SeleniumLibrary">
<msg time="2026-06-25T14:33:09.032856" level="INFO">Clicking element 'css:.shopping_cart_link'.</msg>
<arg>${CART_ICON}</arg>
<doc>Click the element identified by ``locator``.</doc>
<status status="PASS" start="2026-06-25T14:33:09.032581" elapsed="0.155923"/>
</kw>
<kw name="Wait Until Element Is Visible" owner="SeleniumLibrary">
<arg>${CART_ITEM_NAME}</arg>
<arg>${TIMEOUT}</arg>
<doc>Waits until the element ``locator`` is visible.</doc>
<status status="PASS" start="2026-06-25T14:33:09.188742" elapsed="0.024878"/>
</kw>
<status status="PASS" start="2026-06-25T14:33:09.032200" elapsed="0.181573"/>
</kw>
<kw name="Le Panier Doit Contenir" owner="keywords">
<kw name="Element Should Contain" owner="SeleniumLibrary">
<msg time="2026-06-25T14:33:09.241009" level="INFO">Element 'css:.inventory_item_name' contains text 'Sauce Labs Backpack'.</msg>
<arg>${CART_ITEM_NAME}</arg>
<arg>${product}</arg>
<doc>Verifies that element ``locator`` contains text ``expected``.</doc>
<status status="PASS" start="2026-06-25T14:33:09.214663" elapsed="0.026758"/>
</kw>
<arg>${PRODUCT_NAME}</arg>
<status status="PASS" start="2026-06-25T14:33:09.214237" elapsed="0.027323"/>
</kw>
<kw name="Capture Si Echec" owner="keywords" type="TEARDOWN">
<kw name="Run Keyword If Test Failed" owner="BuiltIn">
<arg>Capture Page Screenshot</arg>
<arg>../reports/echec_${TEST NAME}_{index}.png</arg>
<doc>Runs the given keyword with the given arguments, if the test failed.</doc>
<status status="PASS" start="2026-06-25T14:33:09.243193" elapsed="0.000350"/>
</kw>
<status status="PASS" start="2026-06-25T14:33:09.242814" elapsed="0.001800"/>
</kw>
<doc>Ajoute le Backpack → vérifie qu'il est dans le panier</doc>
<tag>cart</tag>
<tag>positif</tag>
<tag>smoke</tag>
<status status="PASS" start="2026-06-25T14:33:06.749082" elapsed="2.498319"/>
</test>
<test id="s1-t2" name="TC02 - Supprimer Un Produit Du Panier" line="22">
<kw name="Reinitialiser Session" owner="keywords" type="SETUP">
<kw name="Go To" owner="SeleniumLibrary">
<msg time="2026-06-25T14:33:09.253618" level="INFO">Opening url 'https://www.saucedemo.com'</msg>
<arg>${URL}</arg>
<doc>Navigates the current browser window to the provided ``url``.</doc>
<status status="PASS" start="2026-06-25T14:33:09.253372" elapsed="0.196214"/>
</kw>
<kw name="Run Keyword And Return Status" owner="BuiltIn">
<kw name="Element Should Be Visible" owner="SeleniumLibrary">
<msg time="2026-06-25T14:33:09.480641" level="INFO">Element 'id=user-name' is displayed.</msg>
<arg>${USERNAME_FIELD}</arg>
<doc>Verifies that the element identified by ``locator`` is visible.</doc>
<status status="PASS" start="2026-06-25T14:33:09.450284" elapsed="0.030478"/>
</kw>
<msg time="2026-06-25T14:33:09.481043" level="INFO">${login_visible} = True</msg>
<var>${login_visible}</var>
<arg>Element Should Be Visible</arg>
<arg>${USERNAME_FIELD}</arg>
<doc>Runs the specified keyword and returns the status as a Boolean value.</doc>
<status status="PASS" start="2026-06-25T14:33:09.449835" elapsed="0.031294"/>
</kw>
<if>
<branch type="IF" condition="${login_visible}">
<kw name="Wait Until Element Is Visible" owner="SeleniumLibrary">
<arg>${USERNAME_FIELD}</arg>
<arg>${TIMEOUT}</arg>
<doc>Waits until the element ``locator`` is visible.</doc>
<status status="PASS" start="2026-06-25T14:33:09.481523" elapsed="0.039214"/>
</kw>
<status status="PASS" start="2026-06-25T14:33:09.481289" elapsed="0.039564"/>
</branch>
<branch type="ELSE">
<kw name="Vider Le Panier">
<status status="NOT RUN" start="2026-06-25T14:33:09.521148" elapsed="0.000041"/>
</kw>
<kw name="Go To" owner="SeleniumLibrary">
<arg>${INVENTORY_URL}</arg>
<doc>Navigates the current browser window to the provided ``url``.</doc>
<status status="NOT RUN" start="2026-06-25T14:33:09.521318" elapsed="0.000039"/>
</kw>
<kw name="Wait Until Element Is Visible" owner="SeleniumLibrary">
<arg>${ADD_BACKPACK_BTN}</arg>
<arg>${TIMEOUT}</arg>
<doc>Waits until the element ``locator`` is visible.</doc>
<status status="NOT RUN" start="2026-06-25T14:33:09.521477" elapsed="0.000035"/>
</kw>
<status status="NOT RUN" start="2026-06-25T14:33:09.520921" elapsed="0.000648"/>
</branch>
<status status="PASS" start="2026-06-25T14:33:09.481250" elapsed="0.040389"/>
</if>
<status status="PASS" start="2026-06-25T14:33:09.251416" elapsed="0.270308"/>
</kw>
<kw name="Se Connecter" owner="keywords">
<kw name="Wait Until Element Is Visible" owner="SeleniumLibrary">
<arg>${USERNAME_FIELD}</arg>
<arg>${TIMEOUT}</arg>
<doc>Waits until the element ``locator`` is visible.</doc>
<status status="PASS" start="2026-06-25T14:33:09.523145" elapsed="0.039888"/>
</kw>
<kw name="Input Text" owner="SeleniumLibrary">
<msg time="2026-06-25T14:33:09.563639" level="INFO">Typing text 'standard_user' into text field 'id=user-name'.</msg>
<arg>${USERNAME_FIELD}</arg>
<arg>${user}</arg>
<doc>Types the given ``text`` into the text field identified by ``locator``.</doc>
<status status="PASS" start="2026-06-25T14:33:09.563300" elapsed="0.283687"/>
</kw>
<kw name="Input Text" owner="SeleniumLibrary">
<msg time="2026-06-25T14:33:09.847566" level="INFO">Typing text 'secret_sauce' into text field 'id=password'.</msg>
<arg>${PASSWORD_FIELD}</arg>
<arg>${password}</arg>
<doc>Types the given ``text`` into the text field identified by ``locator``.</doc>
<status status="PASS" start="2026-06-25T14:33:09.847230" elapsed="0.219225"/>
</kw>
<kw name="Click Element" owner="SeleniumLibrary">
<msg time="2026-06-25T14:33:10.067059" level="INFO">Clicking element 'id=login-button'.</msg>
<arg>${LOGIN_BTN}</arg>
<doc>Click the element identified by ``locator``.</doc>
<status status="PASS" start="2026-06-25T14:33:10.066696" elapsed="0.173953"/>
</kw>
<arg>${VALID_USER}</arg>
<arg>${VALID_PASS}</arg>
<status status="PASS" start="2026-06-25T14:33:09.522618" elapsed="0.718176"/>
</kw>
<kw name="La Page Produits Doit Etre Visible" owner="keywords">
<kw name="Wait Until Element Is Visible" owner="SeleniumLibrary">
<arg>${PRODUCTS_TITLE}</arg>
<arg>${TIMEOUT}</arg>
<doc>Waits until the element ``locator`` is visible.</doc>
<status status="PASS" start="2026-06-25T14:33:10.242400" elapsed="0.050287"/>
</kw>
<kw name="Element Text Should Be" owner="SeleniumLibrary">
<msg time="2026-06-25T14:33:10.294637" level="INFO">Verifying element 'css:.title' contains exact text 'Products'.</msg>
<arg>${PRODUCTS_TITLE}</arg>
<arg>Products</arg>
<doc>Verifies that element ``locator`` contains exact the text ``expected``.</doc>
<status status="PASS" start="2026-06-25T14:33:10.292925" elapsed="0.036513"/>
</kw>
<status status="PASS" start="2026-06-25T14:33:10.242011" elapsed="0.087574"/>
</kw>
<kw name="Aller Au Panier" owner="keywords">
<kw name="Click Element" owner="SeleniumLibrary">
<msg time="2026-06-25T14:33:10.330747" level="INFO">Clicking element 'css:.shopping_cart_link'.</msg>
<arg>${CART_ICON}</arg>
<doc>Click the element identified by ``locator``.</doc>
<status status="PASS" start="2026-06-25T14:33:10.330461" elapsed="0.149658"/>
</kw>
<kw name="Wait Until Element Is Visible" owner="SeleniumLibrary">
<arg>${CART_ITEM_NAME}</arg>
<arg>${TIMEOUT}</arg>
<doc>Waits until the element ``locator`` is visible.</doc>
<status status="PASS" start="2026-06-25T14:33:10.480355" elapsed="0.026702"/>
</kw>
<status status="PASS" start="2026-06-25T14:33:10.330038" elapsed="0.177168"/>
</kw>
<kw name="Supprimer Du Panier" owner="keywords">
<kw name="Click Element" owner="SeleniumLibrary">
<msg time="2026-06-25T14:33:10.508756" level="INFO">Clicking element 'id=remove-sauce-labs-backpack'.</msg>
<arg>${REMOVE_BTN}</arg>
<doc>Click the element identified by ``locator``.</doc>
<status status="PASS" start="2026-06-25T14:33:10.508441" elapsed="0.119253"/>
</kw>
<status status="PASS" start="2026-06-25T14:33:10.507697" elapsed="0.120182"/>
</kw>
<kw name="Le Panier Doit Etre Vide" owner="keywords">
<kw name="Page Should Not Contain Element" owner="SeleniumLibrary">
<msg time="2026-06-25T14:33:20.679713" level="INFO">Current page does not contain element 'css:.inventory_item_name'.</msg>
<arg>${CART_ITEM_NAME}</arg>
<doc>Verifies that element ``locator`` is not found on the current page.</doc>
<status status="PASS" start="2026-06-25T14:33:10.629439" elapsed="10.050433"/>
</kw>
<status status="PASS" start="2026-06-25T14:33:10.629063" elapsed="10.050980"/>
</kw>
<kw name="Capture Si Echec" owner="keywords" type="TEARDOWN">
<kw name="Run Keyword If Test Failed" owner="BuiltIn">
<arg>Capture Page Screenshot</arg>
<arg>../reports/echec_${TEST NAME}_{index}.png</arg>
<doc>Runs the given keyword with the given arguments, if the test failed.</doc>
<status status="PASS" start="2026-06-25T14:33:20.681978" elapsed="0.000519"/>
</kw>
<status status="PASS" start="2026-06-25T14:33:20.681439" elapsed="0.001217"/>
</kw>
<doc>Ajoute puis supprime → panier vide</doc>
<tag>cart</tag>
<tag>negatif</tag>
<status status="PASS" start="2026-06-25T14:33:09.250221" elapsed="11.432958"/>
</test>
<kw name="Fermer Le Navigateur" owner="keywords" type="TEARDOWN">
<kw name="Close All Browsers" owner="SeleniumLibrary">
<doc>Closes all open browsers and resets the browser cache.</doc>
<status status="PASS" start="2026-06-25T14:33:20.685749" elapsed="3.477666"/>
</kw>
<status status="PASS" start="2026-06-25T14:33:20.685400" elapsed="3.478240"/>
</kw>
<status status="PASS" start="2026-06-25T14:32:52.852939" elapsed="31.310787"/>
</suite>
<statistics>
<total>
<stat pass="2" fail="0" skip="0">All Tests</stat>
</total>
<tag>
<stat pass="2" fail="0" skip="0">cart</stat>
<stat pass="1" fail="0" skip="0">negatif</stat>
<stat pass="1" fail="0" skip="0">positif</stat>
<stat pass="1" fail="0" skip="0">smoke</stat>
</tag>
<suite>
<stat name="Cart" id="s1" pass="2" fail="0" skip="0">Cart</stat>
</suite>
</statistics>
<errors>
</errors>
</robot>
